[2025-08-15 14:47:46,425] 224 werkzeug - WARNING -  * Debugger is active!
[2025-08-15 14:47:46,430] 224 werkzeug - INFO -  * Debugger PIN: 102-798-266
[2025-08-15 14:49:49,840] 224 werkzeug - INFO -  * Detected change in 'c:\\users\\snehal\\pycharmprojects\\datascienceproject\\venv\\Lib\\distutils\\tests\\test_bdist_rpm.py', reloading
[2025-08-15 14:49:49,840] 224 werkzeug - INFO -  * Detected change in 'C:\\Users\\SNEHAL\\PycharmProjects\\DataScienceProject\\venv\\Lib\\distutils\\tests\\test_bdist_rpm.py', reloading
[2025-08-15 14:49:49,842] 224 werkzeug - INFO -  * Detected change in 'C:\\Users\\SNEHAL\\PycharmProjects\\DataScienceProject\\venv\\Lib\\site-packages\\pip\\_internal\\commands\\install.py', reloading
[2025-08-15 14:49:49,848] 224 werkzeug - INFO -  * Detected change in 'C:\\Users\\SNEHAL\\PycharmProjects\\DataScienceProject\\venv\\Lib\\site-packages\\pip\\_vendor\\rich\\control.py', reloading
[2025-08-15 14:49:49,850] 224 werkzeug - INFO -  * Detected change in 'c:\\users\\snehal\\pycharmprojects\\datascienceproject\\venv\\Lib\\site-packages\\pip\\_internal\\commands\\install.py', reloading
[2025-08-15 14:49:49,862] 224 werkzeug - INFO -  * Detected change in 'c:\\users\\snehal\\pycharmprojects\\datascienceproject\\venv\\Lib\\site-packages\\pip\\_vendor\\rich\\control.py', reloading
[2025-08-15 14:49:49,885] 224 werkzeug - INFO -  * Detected change in 'C:\\Users\\SNEHAL\\PycharmProjects\\DataScienceProject\\venv\\Lib\\posixpath.py', reloading
[2025-08-15 14:49:49,887] 224 werkzeug - INFO -  * Detected change in 'C:\\Users\\SNEHAL\\PycharmProjects\\DataScienceProject\\venv\\Lib\\distutils\\util.py', reloading
[2025-08-15 14:49:49,887] 224 werkzeug - INFO -  * Detected change in 'c:\\users\\snehal\\pycharmprojects\\datascienceproject\\venv\\Lib\\posixpath.py', reloading
[2025-08-15 14:49:49,889] 224 werkzeug - INFO -  * Detected change in 'c:\\users\\snehal\\pycharmprojects\\datascienceproject\\venv\\Lib\\distutils\\util.py', reloading
[2025-08-15 14:49:49,900] 224 werkzeug - INFO -  * Detected change in 'c:\\users\\snehal\\pycharmprojects\\datascienceproject\\venv\\Lib\\site-packages\\setuptools\\_distutils\\util.py', reloading
[2025-08-15 14:49:49,902] 224 werkzeug - INFO -  * Detected change in 'C:\\Users\\SNEHAL\\PycharmProjects\\DataScienceProject\\venv\\Lib\\site-packages\\setuptools\\_distutils\\util.py', reloading
[2025-08-15 14:49:49,902] 224 werkzeug - INFO -  * Detected change in 'C:\\Users\\SNEHAL\\PycharmProjects\\DataScienceProject\\venv\\Lib\\distutils\\dist.py', reloading
[2025-08-15 14:49:49,908] 224 werkzeug - INFO -  * Detected change in 'c:\\users\\snehal\\pycharmprojects\\datascienceproject\\venv\\Lib\\distutils\\dist.py', reloading
[2025-08-15 14:49:49,914] 224 werkzeug - INFO -  * Detected change in 'c:\\users\\snehal\\pycharmprojects\\datascienceproject\\venv\\Lib\\site-packages\\setuptools\\tests\\test_egg_info.py', reloading
[2025-08-15 14:49:49,916] 224 werkzeug - INFO -  * Detected change in 'C:\\Users\\SNEHAL\\PycharmProjects\\DataScienceProject\\venv\\Lib\\site-packages\\setuptools\\tests\\test_egg_info.py', reloading
[2025-08-15 14:49:49,916] 224 werkzeug - INFO -  * Detected change in 'C:\\Users\\SNEHAL\\PycharmProjects\\DataScienceProject\\venv\\Lib\\configparser.py', reloading
[2025-08-15 14:49:49,916] 224 werkzeug - INFO -  * Detected change in 'c:\\users\\snehal\\pycharmprojects\\datascienceproject\\venv\\Lib\\configparser.py', reloading
[2025-08-15 14:49:49,952] 224 werkzeug - INFO -  * Detected change in 'c:\\users\\snehal\\pycharmprojects\\datascienceproject\\venv\\Lib\\site-packages\\setuptools\\command\\easy_install.py', reloading
[2025-08-15 14:49:49,952] 224 werkzeug - INFO -  * Detected change in 'C:\\Users\\SNEHAL\\PycharmProjects\\DataScienceProject\\venv\\Lib\\site-packages\\setuptools\\command\\easy_install.py', reloading
[2025-08-15 14:49:49,956] 224 werkzeug - INFO -  * Detected change in 'c:\\users\\snehal\\pycharmprojects\\datascienceproject\\venv\\Lib\\site-packages\\setuptools\\_distutils\\command\\install.py', reloading
[2025-08-15 14:49:49,958] 224 werkzeug - INFO -  * Detected change in 'C:\\Users\\SNEHAL\\PycharmProjects\\DataScienceProject\\venv\\Lib\\site-packages\\setuptools\\_distutils\\command\\install.py', reloading
[2025-08-15 14:49:49,962] 224 werkzeug - INFO -  * Detected change in 'c:\\users\\snehal\\pycharmprojects\\datascienceproject\\venv\\Lib\\distutils\\command\\register.py', reloading
[2025-08-15 14:49:49,962] 224 werkzeug - INFO -  * Detected change in 'C:\\Users\\SNEHAL\\PycharmProjects\\DataScienceProject\\venv\\Lib\\distutils\\command\\register.py', reloading
[2025-08-15 14:49:50,009] 224 werkzeug - INFO -  * Detected change in 'c:\\users\\snehal\\pycharmprojects\\datascienceproject\\venv\\Lib\\distutils\\tests\\test_dist.py', reloading
[2025-08-15 14:49:50,009] 224 werkzeug - INFO -  * Detected change in 'c:\\users\\snehal\\pycharmprojects\\datascienceproject\\venv\\Lib\\distutils\\tests\\test_dir_util.py', reloading
[2025-08-15 14:49:50,009] 224 werkzeug - INFO -  * Detected change in 'C:\\Users\\SNEHAL\\PycharmProjects\\DataScienceProject\\venv\\Lib\\distutils\\tests\\test_dist.py', reloading
[2025-08-15 14:49:50,009] 224 werkzeug - INFO -  * Detected change in 'C:\\Users\\SNEHAL\\PycharmProjects\\DataScienceProject\\venv\\Lib\\distutils\\tests\\test_dir_util.py', reloading
[2025-08-15 14:49:50,060] 224 werkzeug - INFO -  * Detected change in 'c:\\users\\snehal\\pycharmprojects\\datascienceproject\\venv\\Lib\\site-packages\\setuptools\\tests\\test_packageindex.py', reloading
[2025-08-15 14:49:50,060] 224 werkzeug - INFO -  * Detected change in 'C:\\Users\\SNEHAL\\PycharmProjects\\DataScienceProject\\venv\\Lib\\site-packages\\setuptools\\tests\\test_packageindex.py', reloading
[2025-08-15 14:49:50,077] 224 werkzeug - INFO -  * Detected change in 'C:\\Users\\SNEHAL\\PycharmProjects\\DataScienceProject\\venv\\Lib\\site-packages\\pip\\_vendor\\rich\\live.py', reloading
[2025-08-15 14:49:50,078] 224 werkzeug - INFO -  * Detected change in 'c:\\users\\snehal\\pycharmprojects\\datascienceproject\\venv\\Lib\\site-packages\\pip\\_vendor\\rich\\live.py', reloading
[2025-08-15 14:49:50,092] 224 werkzeug - INFO -  * Detected change in 'C:\\Users\\SNEHAL\\PycharmProjects\\DataScienceProject\\venv\\Lib\\site-packages\\setuptools\\_distutils\\tests\\test_dir_util.py', reloading
[2025-08-15 14:49:50,094] 224 werkzeug - INFO -  * Detected change in 'c:\\users\\snehal\\pycharmprojects\\datascienceproject\\venv\\Lib\\site-packages\\setuptools\\_distutils\\tests\\test_dir_util.py', reloading
[2025-08-15 14:49:50,136] 224 werkzeug - INFO -  * Detected change in 'C:\\Users\\SNEHAL\\PycharmProjects\\DataScienceProject\\venv\\Lib\\site-packages\\setuptools\\_distutils\\dist.py', reloading
[2025-08-15 14:49:50,136] 224 werkzeug - INFO -  * Detected change in 'c:\\users\\snehal\\pycharmprojects\\datascienceproject\\venv\\Lib\\site-packages\\setuptools\\_distutils\\dist.py', reloading
[2025-08-15 14:49:50,144] 224 werkzeug - INFO -  * Detected change in 'c:\\users\\snehal\\pycharmprojects\\datascienceproject\\venv\\Lib\\site-packages\\pip\\_internal\\commands\\show.py', reloading
[2025-08-15 14:49:50,144] 224 werkzeug - INFO -  * Detected change in 'c:\\users\\snehal\\pycharmprojects\\datascienceproject\\venv\\Lib\\site-packages\\pip\\_vendor\\rich\\_windows_renderer.py', reloading
[2025-08-15 14:49:50,147] 224 werkzeug - INFO -  * Detected change in 'C:\\Users\\SNEHAL\\PycharmProjects\\DataScienceProject\\venv\\Lib\\site-packages\\pip\\_internal\\commands\\show.py', reloading
[2025-08-15 14:49:50,147] 224 werkzeug - INFO -  * Detected change in 'C:\\Users\\SNEHAL\\PycharmProjects\\DataScienceProject\\venv\\Lib\\site-packages\\pip\\_vendor\\rich\\_windows_renderer.py', reloading
[2025-08-15 14:49:50,165] 224 werkzeug - INFO -  * Detected change in 'C:\\Users\\SNEHAL\\PycharmProjects\\DataScienceProject\\venv\\Lib\\site-packages\\pip\\_internal\\utils\\setuptools_build.py', reloading
[2025-08-15 14:49:50,169] 224 werkzeug - INFO -  * Detected change in 'c:\\users\\snehal\\pycharmprojects\\datascienceproject\\venv\\Lib\\site-packages\\pip\\_internal\\utils\\setuptools_build.py', reloading
[2025-08-15 14:49:50,171] 224 werkzeug - INFO -  * Detected change in 'C:\\Users\\SNEHAL\\PycharmProjects\\DataScienceProject\\venv\\Lib\\distutils\\tests\\test_config.py', reloading
[2025-08-15 14:49:50,171] 224 werkzeug - INFO -  * Detected change in 'c:\\users\\snehal\\pycharmprojects\\datascienceproject\\venv\\Lib\\distutils\\tests\\test_config.py', reloading
[2025-08-15 14:49:50,175] 224 werkzeug - INFO -  * Detected change in 'C:\\Users\\SNEHAL\\PycharmProjects\\DataScienceProject\\venv\\Lib\\site-packages\\setuptools\\_vendor\\platformdirs\\unix.py', reloading
[2025-08-15 14:49:50,175] 224 werkzeug - INFO -  * Detected change in 'c:\\users\\snehal\\pycharmprojects\\datascienceproject\\venv\\Lib\\site-packages\\setuptools\\_vendor\\platformdirs\\unix.py', reloading
[2025-08-15 14:49:50,212] 224 werkzeug - INFO -  * Detected change in 'c:\\users\\snehal\\pycharmprojects\\datascienceproject\\venv\\Lib\\mailcap.py', reloading
[2025-08-15 14:49:50,218] 224 werkzeug - INFO -  * Detected change in 'C:\\Users\\SNEHAL\\PycharmProjects\\DataScienceProject\\venv\\Lib\\mailcap.py', reloading
[2025-08-15 14:49:50,271] 224 werkzeug - INFO -  * Detected change in 'c:\\users\\snehal\\pycharmprojects\\datascienceproject\\venv\\Lib\\site-packages\\pip\\_vendor\\rich\\segment.py', reloading
[2025-08-15 14:49:50,274] 224 werkzeug - INFO -  * Detected change in 'C:\\Users\\SNEHAL\\PycharmProjects\\DataScienceProject\\venv\\Lib\\site-packages\\pip\\_vendor\\rich\\segment.py', reloading
[2025-08-15 14:49:50,275] 224 werkzeug - INFO -  * Detected change in 'c:\\users\\snehal\\pycharmprojects\\datascienceproject\\venv\\Lib\\test\\support\\script_helper.py', reloading
[2025-08-15 14:49:50,279] 224 werkzeug - INFO -  * Detected change in 'C:\\Users\\SNEHAL\\PycharmProjects\\DataScienceProject\\venv\\Lib\\test\\support\\script_helper.py', reloading
[2025-08-15 14:49:50,315] 224 werkzeug - INFO -  * Detected change in 'C:\\Users\\SNEHAL\\PycharmProjects\\DataScienceProject\\venv\\Lib\\site-packages\\pip\\_internal\\locations\\_sysconfig.py', reloading
[2025-08-15 14:49:50,316] 224 werkzeug - INFO -  * Detected change in 'c:\\users\\snehal\\pycharmprojects\\datascienceproject\\venv\\Lib\\site-packages\\pip\\_internal\\locations\\_sysconfig.py', reloading
[2025-08-15 14:49:50,317] 224 werkzeug - INFO -  * Detected change in 'C:\\Users\\SNEHAL\\PycharmProjects\\DataScienceProject\\venv\\Lib\\site-packages\\pip\\_internal\\req\\req_install.py', reloading
[2025-08-15 14:49:50,317] 224 werkzeug - INFO -  * Detected change in 'c:\\users\\snehal\\pycharmprojects\\datascienceproject\\venv\\Lib\\site-packages\\pip\\_internal\\req\\req_install.py', reloading
[2025-08-15 14:49:50,342] 224 werkzeug - INFO -  * Detected change in 'C:\\Users\\SNEHAL\\PycharmProjects\\DataScienceProject\\venv\\Lib\\site-packages\\setuptools\\_distutils\\tests\\test_dist.py', reloading
[2025-08-15 14:49:50,342] 224 werkzeug - INFO -  * Detected change in 'c:\\users\\snehal\\pycharmprojects\\datascienceproject\\venv\\Lib\\site-packages\\setuptools\\_distutils\\tests\\test_dist.py', reloading
